2020-04-30 10:37:55,290 - /usr/local/games/cleaner_pdf/mycleaners/base/cleaner.py[line:164] - [ERROR]: 提取/storage/mydatacenter/cleaner_pdf/data/建设银行=SU082020209184D01.html文件内容时出错：not enough values to unpack (expected 2, got 0)
2020-04-30 10:38:17,760 - /usr/local/games/cleaner_pdf/mycleaners/base/cleaner.py[line:164] - [ERROR]: 提取/storage/mydatacenter/cleaner_pdf/data/建设银行=HN072020114263D01.pdf文件内容时出错：list index out of range
2020-04-30 10:38:20,620 - /usr/local/games/cleaner_pdf/mycleaners/base/cleaner.py[line:164] - [ERROR]: 提取/storage/mydatacenter/cleaner_pdf/data/华夏银行=龙盈708期C款（大众客户95天）.pdf文件内容时出错：No /Root object! - Is this really a PDF?
2020-04-30 10:38:21,717 - /usr/local/games/cleaner_pdf/mycleaners/base/cleaner.py[line:164] - [ERROR]: 提取/storage/mydatacenter/cleaner_pdf/data/华夏银行=龙盈755期C款（大众客户223天）.pdf文件内容时出错：No /Root object! - Is this really a PDF?
2020-04-30 10:38:21,735 - /usr/local/games/cleaner_pdf/mycleaners/base/cleaner.py[line:164] - [ERROR]: 提取/storage/mydatacenter/cleaner_pdf/data/华夏银行=龙盈固收GS款8号（两年封闭）.pdf文件内容时出错：list index out of range
2020-04-30 10:38:21,851 - /usr/local/games/cleaner_pdf/mycleaners/base/cleaner.py[line:164] - [ERROR]: 提取/storage/mydatacenter/cleaner_pdf/data/华夏银行=龙盈708期A款（大众客户95天）.pdf文件内容时出错：No /Root object! - Is this really a PDF?
2020-04-30 10:38:22,482 - /usr/local/games/cleaner_pdf/mycleaners/base/cleaner.py[line:164] - [ERROR]: 提取/storage/mydatacenter/cleaner_pdf/data/华夏银行=创盈（定向）4372号.pdf文件内容时出错：list index out of range
2020-04-30 10:38:23,096 - /usr/local/games/cleaner_pdf/mycleaners/base/cleaner.py[line:164] - [ERROR]: 提取/storage/mydatacenter/cleaner_pdf/data/华夏银行=龙盈755期B款（大众客户223天）.pdf文件内容时出错：No /Root object! - Is this really a PDF?
2020-04-30 10:38:23,748 - /usr/local/games/cleaner_pdf/mycleaners/base/cleaner.py[line:164] - [ERROR]: 提取/storage/mydatacenter/cleaner_pdf/data/华夏银行=龙盈754期B款（大众客户221天）.pdf文件内容时出错：No /Root object! - Is this really a PDF?
2020-04-30 10:38:23,864 - /usr/local/games/cleaner_pdf/mycleaners/base/cleaner.py[line:164] - [ERROR]: 提取/storage/mydatacenter/cleaner_pdf/data/华夏银行=龙盈668期C款（大众客户91天）.pdf文件内容时出错：No /Root object! - Is this really a PDF?
2020-04-30 10:38:23,978 - /usr/local/games/cleaner_pdf/mycleaners/base/cleaner.py[line:164] - [ERROR]: 提取/storage/mydatacenter/cleaner_pdf/data/华夏银行=龙盈708期D款（大众客户95天）.pdf文件内容时出错：No /Root object! - Is this really a PDF?
2020-04-30 10:38:24,093 - /usr/local/games/cleaner_pdf/mycleaners/base/cleaner.py[line:164] - [ERROR]: 提取/storage/mydatacenter/cleaner_pdf/data/华夏银行=龙盈754期D款（大众客户221天）.pdf文件内容时出错：No /Root object! - Is this really a PDF?
2020-04-30 10:38:24,208 - /usr/local/games/cleaner_pdf/mycleaners/base/cleaner.py[line:164] - [ERROR]: 提取/storage/mydatacenter/cleaner_pdf/data/华夏银行=龙盈755期D款（大众客户223天）.pdf文件内容时出错：No /Root object! - Is this really a PDF?
2020-04-30 10:38:24,814 - /usr/local/games/cleaner_pdf/mycleaners/base/cleaner.py[line:164] - [ERROR]: 提取/storage/mydatacenter/cleaner_pdf/data/华夏银行=新盈369号B款（新客户专属151天）.pdf文件内容时出错：No /Root object! - Is this really a PDF?
2020-04-30 10:38:24,927 - /usr/local/games/cleaner_pdf/mycleaners/base/cleaner.py[line:164] - [ERROR]: 提取/storage/mydatacenter/cleaner_pdf/data/华夏银行=龙盈637期B款（夜市理财95天）.pdf文件内容时出错：list index out of range
2020-04-30 10:38:25,041 - /usr/local/games/cleaner_pdf/mycleaners/base/cleaner.py[line:164] - [ERROR]: 提取/storage/mydatacenter/cleaner_pdf/data/华夏银行=龙盈638期A款（夜市理财140天）.pdf文件内容时出错：list index out of range
2020-04-30 10:38:26,160 - /usr/local/games/cleaner_pdf/mycleaners/base/cleaner.py[line:164] - [ERROR]: 提取/storage/mydatacenter/cleaner_pdf/data/华夏银行=龙盈668期D款（大众客户91天）.pdf文件内容时出错：No /Root object! - Is this really a PDF?
2020-04-30 10:38:27,250 - /usr/local/games/cleaner_pdf/mycleaners/base/cleaner.py[line:164] - [ERROR]: 提取/storage/mydatacenter/cleaner_pdf/data/华夏银行=龙盈668期A款（大众客户91天）.pdf文件内容时出错：No /Root object! - Is this really a PDF?
2020-04-30 10:38:27,338 - /usr/local/games/cleaner_pdf/mycleaners/base/cleaner.py[line:164] - [ERROR]: 提取/storage/mydatacenter/cleaner_pdf/data/华夏银行=创盈（定向）4022号.pdf文件内容时出错：No /Root object! - Is this really a PDF?
2020-04-30 10:38:28,697 - /usr/local/games/cleaner_pdf/mycleaners/base/cleaner.py[line:164] - [ERROR]: 提取/storage/mydatacenter/cleaner_pdf/data/华夏银行=新盈369号D款（新客户专属151天）.pdf文件内容时出错：No /Root object! - Is this really a PDF?
2020-04-30 10:38:29,808 - /usr/local/games/cleaner_pdf/mycleaners/base/cleaner.py[line:164] - [ERROR]: 提取/storage/mydatacenter/cleaner_pdf/data/华夏银行=龙盈755期A款（大众客户223天）.pdf文件内容时出错：No /Root object! - Is this really a PDF?
2020-04-30 10:38:29,921 - /usr/local/games/cleaner_pdf/mycleaners/base/cleaner.py[line:164] - [ERROR]: 提取/storage/mydatacenter/cleaner_pdf/data/华夏银行=龙盈638期B款（夜市理财140天）.pdf文件内容时出错：list index out of range
2020-04-30 10:38:30,573 - /usr/local/games/cleaner_pdf/mycleaners/base/cleaner.py[line:164] - [ERROR]: 提取/storage/mydatacenter/cleaner_pdf/data/华夏银行=升盈327号D款（资产提升客户专属122天）.pdf文件内容时出错：No /Root object! - Is this really a PDF?
2020-04-30 10:38:30,689 - /usr/local/games/cleaner_pdf/mycleaners/base/cleaner.py[line:164] - [ERROR]: 提取/storage/mydatacenter/cleaner_pdf/data/华夏银行=龙盈668期B款（大众客户91天）.pdf文件内容时出错：No /Root object! - Is this really a PDF?
2020-04-30 10:38:31,451 - /usr/local/games/cleaner_pdf/mycleaners/base/cleaner.py[line:164] - [ERROR]: 提取/storage/mydatacenter/cleaner_pdf/data/华夏银行=龙盈754期A款（大众客户221天）.pdf文件内容时出错：No /Root object! - Is this really a PDF?
2020-04-30 10:38:33,028 - /usr/local/games/cleaner_pdf/mycleaners/base/cleaner.py[line:164] - [ERROR]: 提取/storage/mydatacenter/cleaner_pdf/data/华夏银行=龙盈637期A款（夜市理财95天）.pdf文件内容时出错：list index out of range
2020-04-30 10:38:33,143 - /usr/local/games/cleaner_pdf/mycleaners/base/cleaner.py[line:164] - [ERROR]: 提取/storage/mydatacenter/cleaner_pdf/data/华夏银行=龙盈708期B款（大众客户95天）.pdf文件内容时出错：No /Root object! - Is this really a PDF?
2020-04-30 10:38:33,231 - /usr/local/games/cleaner_pdf/mycleaners/base/cleaner.py[line:164] - [ERROR]: 提取/storage/mydatacenter/cleaner_pdf/data/华夏银行=创盈（定向）4021号.pdf文件内容时出错：No /Root object! - Is this really a PDF?
2020-04-30 10:38:33,343 - /usr/local/games/cleaner_pdf/mycleaners/base/cleaner.py[line:164] - [ERROR]: 提取/storage/mydatacenter/cleaner_pdf/data/华夏银行=升盈327号B款（资产提升客户专属122天）.pdf文件内容时出错：No /Root object! - Is this really a PDF?
2020-04-30 10:38:33,457 - /usr/local/games/cleaner_pdf/mycleaners/base/cleaner.py[line:164] - [ERROR]: 提取/storage/mydatacenter/cleaner_pdf/data/华夏银行=龙盈754期C款（大众客户221天）.pdf文件内容时出错：No /Root object! - Is this really a PDF?
2020-04-30 10:38:33,477 - /usr/local/games/cleaner_pdf/mycleaners/base/cleaner.py[line:164] - [ERROR]: 提取/storage/mydatacenter/cleaner_pdf/data/华夏银行=龙盈养老固收G款3号（两年定开-目标2026）.pdf文件内容时出错：list index out of range
2020-04-30 10:38:33,631 - /usr/local/games/cleaner_pdf/mycleaners/base/cleaner.py[line:164] - [ERROR]: 提取/storage/mydatacenter/cleaner_pdf/data/华夏银行=龙盈652期B款（夜市理财102天）.pdf文件内容时出错：list index out of range
2020-04-30 10:38:33,743 - /usr/local/games/cleaner_pdf/mycleaners/base/cleaner.py[line:164] - [ERROR]: 提取/storage/mydatacenter/cleaner_pdf/data/华夏银行=龙盈652期A款（夜市理财102天）.pdf文件内容时出错：list index out of range
2020-04-30 10:38:35,177 - /usr/local/games/cleaner_pdf/mycleaners/base/cleaner.py[line:164] - [ERROR]: 提取/storage/mydatacenter/cleaner_pdf/data/华夏银行=龙盈756期C款（大众客户225天）.pdf文件内容时出错：No /Root object! - Is this really a PDF?
2020-04-30 10:38:37,953 - /usr/local/games/cleaner_pdf/mycleaners/base/cleaner.py[line:164] - [ERROR]: 提取/storage/mydatacenter/cleaner_pdf/data/华夏银行=龙盈709期C款（大众客户98天）.pdf文件内容时出错：No /Root object! - Is this really a PDF?
2020-04-30 10:38:38,759 - /usr/local/games/cleaner_pdf/mycleaners/base/cleaner.py[line:164] - [ERROR]: 提取/storage/mydatacenter/cleaner_pdf/data/华夏银行=龙盈756期D款（大众客户225天）.pdf文件内容时出错：No /Root object! - Is this really a PDF?
2020-04-30 10:38:42,264 - /usr/local/games/cleaner_pdf/mycleaners/base/cleaner.py[line:164] - [ERROR]: 提取/storage/mydatacenter/cleaner_pdf/data/华夏银行=龙盈709期D款（大众客户98天）.pdf文件内容时出错：No /Root object! - Is this really a PDF?
2020-04-30 10:38:42,380 - /usr/local/games/cleaner_pdf/mycleaners/base/cleaner.py[line:164] - [ERROR]: 提取/storage/mydatacenter/cleaner_pdf/data/华夏银行=龙盈709期A款（大众客户98天）.pdf文件内容时出错：No /Root object! - Is this really a PDF?
2020-04-30 10:38:42,496 - /usr/local/games/cleaner_pdf/mycleaners/base/cleaner.py[line:164] - [ERROR]: 提取/storage/mydatacenter/cleaner_pdf/data/华夏银行=龙盈709期B款（大众客户98天）.pdf文件内容时出错：No /Root object! - Is this really a PDF?
2020-04-30 10:38:42,611 - /usr/local/games/cleaner_pdf/mycleaners/base/cleaner.py[line:164] - [ERROR]: 提取/storage/mydatacenter/cleaner_pdf/data/华夏银行=龙盈756期A款（大众客户225天）.pdf文件内容时出错：No /Root object! - Is this really a PDF?
2020-04-30 10:38:43,979 - /usr/local/games/cleaner_pdf/mycleaners/base/cleaner.py[line:164] - [ERROR]: 提取/storage/mydatacenter/cleaner_pdf/data/华夏银行=龙盈固收G款50号（半年定开）.pdf文件内容时出错：list index out of range
2020-04-30 10:38:44,811 - /usr/local/games/cleaner_pdf/mycleaners/base/cleaner.py[line:164] - [ERROR]: 提取/storage/mydatacenter/cleaner_pdf/data/华夏银行=龙盈756期B款（大众客户225天）.pdf文件内容时出错：No /Root object! - Is this really a PDF?
2020-04-30 10:38:46,264 - /usr/local/games/cleaner_pdf/mycleaners/base/cleaner.py[line:164] - [ERROR]: 提取/storage/mydatacenter/cleaner_pdf/data/华夏银行=创盈（定向）4373号.pdf文件内容时出错：list index out of range
2020-04-30 10:41:47,651 - /usr/local/games/cleaner_pdf/mycleaners/base/cleaner.py[line:164] - [ERROR]: 提取/storage/mydatacenter/cleaner_pdf/data/浦发银行=2301203255.pdf文件内容时出错：list index out of range
